[12:36:48] [ServerMain/INFO]: Environment: authHost='https://authserver.mojang.com', accountsHost='https://api.mojang.com', sessionHost='https://sessionserver.mojang.com', servicesHost='https://api.minecraftservices.com', name='PROD'
[12:36:49] [ServerMain/INFO]: Loaded 7 recipes
[12:36:49] [Server thread/INFO]: Starting minecraft server version 1.20.1
[12:36:49] [Server thread/INFO]: Loading properties
[12:36:49] [Server thread/INFO]: This server is running Paper version git-Paper-196 (MC: 1.20.1) (Implementing API version 1.20.1-R0.1-SNAPSHOT) (Git: 773dd72)
[12:36:49] [Server thread/INFO]: Server Ping Player Sample Count: 12
[12:36:49] [Server thread/INFO]: Using 4 threads for Netty based IO
[12:36:49] [Server thread/WARN]: [!] The timings profiler has been enabled but has been scheduled for removal from Paper in the future.
    We recommend installing the spark profiler as a replacement: https://spark.lucko.me/
    For more information please visit: https://github.com/PaperMC/Paper/issues/8948
[12:36:49] [Server thread/INFO]: [ChunkTaskScheduler] Chunk system is using 1 I/O threads, 2 worker threads, and gen parallelism of 2 threads
[12:36:49] [Server thread/INFO]: Default game type: SURVIVAL
[12:36:49] [Server thread/INFO]: Generating keypair
[12:36:49] [Server thread/INFO]: Starting Minecraft server on *:25565
[12:36:49] [Server thread/INFO]: Using epoll channel type
[12:36:49] [Server thread/INFO]: Paper: Using libdeflate (Linux aarch64) compression from Velocity.
[12:36:49] [Server thread/INFO]: Paper: Using OpenSSL (Linux aarch64) cipher from Velocity.
[12:36:50] [Server thread/INFO]: Server permissions file permissions.yml is empty, ignoring it
[12:36:50] [Server thread/WARN]: **** SERVER IS RUNNING IN OFFLINE/INSECURE MODE!
[12:36:50] [Server thread/WARN]: The server will make no attempt to authenticate usernames. Beware.
[12:36:50] [Server thread/WARN]: While this makes the game possible to play without internet access, it also opens up the ability for hackers to connect with any username they choose.
[12:36:50] [Server thread/WARN]: To change this, set "online-mode" to "true" in the server.properties file.
[12:36:50] [Server thread/INFO]: Preparing level "world"
[12:36:50] [Server thread/INFO]: Preparing start region for dimension minecraft:overworld
[12:36:50] [Server thread/INFO]: Time elapsed: 143 ms
[12:36:50] [Server thread/INFO]: Preparing start region for dimension minecraft:the_nether
[12:36:50] [Server thread/INFO]: Time elapsed: 38 ms
[12:36:50] [Server thread/INFO]: Preparing start region for dimension minecraft:the_end
[12:36:50] [Server thread/INFO]: Time elapsed: 17 ms
[12:36:50] [Server thread/INFO]: Running delayed init tasks
[12:36:50] [Server thread/INFO]: Done (1.295s)! For help, type "help"
[12:36:50] [Server thread/INFO]: Timings Reset
[12:36:58] [User Authenticator #0/INFO]: UUID of player Tiltait is 032226a2-892e-39dc-a966-ef83047a433f
[12:36:58] [Server thread/INFO]: Tiltait joined the game
[12:36:58] [Server thread/INFO]: Tiltait[/185.125.190.36:31598] logged in with entity id 125 at ([world]9.5, 63.0, 2.5)
[12:37:32] [Server thread/INFO]: Tiltait was shot by Skeleton
[12:38:19] [Server thread/INFO]: Tiltait lost connection: Disconnected
[12:38:19] [Server thread/INFO]: Tiltait left the game
[12:38:23] [User Authenticator #1/INFO]: UUID of player Tiltait is 032226a2-892e-39dc-a966-ef83047a433f
[12:38:23] [Server thread/INFO]: Tiltait joined the game
[12:38:23] [Server thread/INFO]: Tiltait[/185.125.190.36:30039] logged in with entity id 272 at ([world]8.300000011920929, 63.0, 2.300000011920929)
[12:38:27] [User Authenticator #1/INFO]: UUID of player 1039 is 7491cd69-138d-3c98-b125-7a94ff6d9cc2
[12:38:27] [Server thread/INFO]: 1039 joined the game
[12:38:27] [Server thread/INFO]: 1039[/185.125.190.36:24124] logged in with entity id 273 at ([world]6.5, 65.0, -1.5)
[12:38:37] [Server thread/INFO]: Tiltait lost connection: Disconnected
[12:38:37] [Server thread/INFO]: Tiltait left the game
[12:38:40] [User Authenticator #1/INFO]: UUID of player Tiltait is 032226a2-892e-39dc-a966-ef83047a433f
[12:38:40] [Server thread/INFO]: Tiltait joined the game
[12:38:40] [Server thread/INFO]: Tiltait[/185.125.190.36:62787] logged in with entity id 337 at ([world]8.300000011920929, 63.0, 2.300000011920929)
[12:38:42] [Server thread/INFO]: 1039 was shot by Skeleton
[12:38:53] [Server thread/INFO]: 1039 has made the advancement [Monster Hunter]
[12:39:15] [Server thread/INFO]: Tiltait was slain by Zombie
[12:39:28] [Server thread/INFO]: 1039 was blown up by Creeper
[12:39:40] [Server thread/INFO]: 1039 was burnt to a crisp whilst fighting Zombie
[12:39:53] [Server thread/INFO]: 1039 was blown up by Creeper
[12:41:44] [Server thread/INFO]: 1039 was shot by Skeleton
[12:43:13] [Server thread/INFO]: 1039 hit the ground too hard whilst trying to escape Tiltait
[12:44:28] [Server thread/INFO]: Tiltait has made the advancement [Stone Age]
[12:45:20] [Server thread/INFO]: Tiltait has made the advancement [Getting an Upgrade]
[12:46:00] [Server thread/INFO]: 1039 was slain by Tiltait
[12:47:53] [Server thread/INFO]: 1039 has made the advancement [Stone Age]
[12:48:15] [Server thread/INFO]: Tiltait has made the advancement [Acquire Hardware]
[12:48:41] [Server thread/INFO]: 1039 has made the advancement [Getting an Upgrade]
[12:52:07] [Server thread/INFO]: 1039 was slain by Zombie
[12:52:46] [Server thread/INFO]: 1039 was shot by Skeleton
[12:52:58] [Server thread/INFO]: Tiltait has made the advancement [Monster Hunter]
[12:53:04] [Server thread/INFO]: 1039 was blown up by Creeper
[12:54:31] [Server thread/INFO]: 1039 was shot by Skeleton
[12:54:46] [Server thread/INFO]: 1039 lost connection: Disconnected
[12:54:46] [Server thread/INFO]: 1039 left the game
[12:55:19] [Server thread/INFO]: Tiltait lost connection: Disconnected
[12:55:19] [Server thread/INFO]: Tiltait left the game
